[35m[1mConsolidate compiler generated dependencies of target depthai_ros_driver_common[0m
[  0%] Built target ament_cmake_python_symlink_depthai_ros_driver
[ 42%] Built target depthai_ros_driver_common
[35m[1mConsolidate compiler generated dependencies of target depthai_ros_driver_nn_nodes[0m
[35m[1mConsolidate compiler generated dependencies of target depthai_ros_driver_sensor_nodes[0m
[ 57%] Built target depthai_ros_driver_nn_nodes
[ 84%] Built target depthai_ros_driver_sensor_nodes
[35m[1mConsolidate compiler generated dependencies of target depthai_ros_driver[0m
[ 88%] [32mBuilding CXX object CMakeFiles/depthai_ros_driver.dir/src/camera.cpp.o[0m
running egg_info
writing depthai_ros_driver.egg-info/PKG-INFO
writing dependency_links to depthai_ros_driver.egg-info/dependency_links.txt
writing top-level names to depthai_ros_driver.egg-info/top_level.txt
reading manifest file 'depthai_ros_driver.egg-info/SOURCES.txt'
writing manifest file 'depthai_ros_driver.egg-info/SOURCES.txt'
[ 88%] Built target ament_cmake_python_build_depthai_ros_driver_egg
[01m[K/home/mrg/dai_ws/src/depthai-ros/depthai_ros_driver/src/camera.cpp:[m[K In member function â€˜[01m[Kvoid depthai_ros_driver::Camera::setIR()[m[Kâ€™:
[01m[K/home/mrg/dai_ws/src/depthai-ros/depthai_ros_driver/src/camera.cpp:255:49:[m[K [01;31m[Kerror: [m[Kexpected primary-expression before â€˜[01m[Kfloat[m[Kâ€™
  255 |         device->setIrLaserDotProjectorIntensity([01;31m[Kfloat[m[K intensity);
      |                                                 [01;31m[K^~~~~[m[K
[01m[K/home/mrg/dai_ws/src/depthai-ros/depthai_ros_driver/src/camera.cpp:256:42:[m[K [01;31m[Kerror: [m[Kexpected primary-expression before â€˜[01m[Kfloat[m[Kâ€™
  256 |         device->setIrFloodLightIntensity([01;31m[Kfloat[m[K intensity);
      |                                          [01;31m[K^~~~~[m[K
[01m[K/home/mrg/dai_ws/src/depthai-ros/depthai_ros_driver/src/camera.cpp:[m[K In member function â€˜[01m[Krcl_interfaces::msg::SetParametersResult depthai_ros_driver::Camera::parameterCB(const std::vector<rclcpp::Parameter>&)[m[Kâ€™:
[01m[K/home/mrg/dai_ws/src/depthai-ros/depthai_ros_driver/src/camera.cpp:264:57:[m[K [01;31m[Kerror: [m[Kexpected primary-expression before â€˜[01m[Kfloat[m[Kâ€™
  264 |                 device->setIrLaserDotProjectorIntensity([01;31m[Kfloat[m[K intensity);
      |                                                         [01;31m[K^~~~~[m[K
[01m[K/home/mrg/dai_ws/src/depthai-ros/depthai_ros_driver/src/camera.cpp:266:50:[m[K [01;31m[Kerror: [m[Kexpected primary-expression before â€˜[01m[Kfloat[m[Kâ€™
  266 |                 device->setIrFloodLightIntensity([01;31m[Kfloat[m[K intensity);
      |                                                  [01;31m[K^~~~~[m[K
gmake[2]: *** [CMakeFiles/depthai_ros_driver.dir/build.make:76: CMakeFiles/depthai_ros_driver.dir/src/camera.cpp.o] Error 1
gmake[1]: *** [CMakeFiles/Makefile2:226: CMakeFiles/depthai_ros_driver.dir/all] Error 2
gmake: *** [Makefile:146: all] Error 2
