[35m[1mConsolidate compiler generated dependencies of target yolov4_node[0m
[35m[1mConsolidate compiler generated dependencies of target tracker_yolov4_node[0m
[35m[1mConsolidate compiler generated dependencies of target yolov4_spatial_node[0m
[35m[1mConsolidate compiler generated dependencies of target tracker_yolov4_spatial_node[0m
[35m[1mConsolidate compiler generated dependencies of target stereo_inertial_node[0m
[35m[1mConsolidate compiler generated dependencies of target feature_tracker[0m
[35m[1mConsolidate compiler generated dependencies of target mobilenet_node[0m
[35m[1mConsolidate compiler generated dependencies of target crop_control_service[0m
[35m[1mConsolidate compiler generated dependencies of target rgb_stereo_node[0m
[35m[1mConsolidate compiler generated dependencies of target stereo_node[0m
[ 10%] Built target tracker_yolov4_node
[ 20%] Built target yolov4_node
[ 30%] Built target tracker_yolov4_spatial_node
[ 40%] Built target yolov4_spatial_node
[ 55%] Built target feature_tracker
[ 60%] Built target crop_control_service
[ 75%] [32mBuilding CXX object CMakeFiles/rgb_stereo_node.dir/src/rgb_stereo_node.cpp.o[0m
[ 80%] [32mBuilding CXX object CMakeFiles/stereo_inertial_node.dir/src/stereo_inertial_publisher.cpp.o[0m
[ 80%] Built target mobilenet_node
[ 90%] Built target stereo_node
[01m[K/home/mrg/dai_ws/src/depthai-ros/depthai_examples/src/rgb_stereo_node.cpp:[m[K In lambda function:
[01m[K/home/mrg/dai_ws/src/depthai-ros/depthai_examples/src/rgb_stereo_node.cpp:233:52:[m[K [01;31m[Kerror: [m[Kexpected primary-expression before â€˜[01m[Kfloat[m[Kâ€™
  233 |             device.setIrLaserDotProjectorIntensity([01;31m[Kfloat[m[K intensity);
      |                                                    [01;31m[K^~~~~[m[K
[01m[K/home/mrg/dai_ws/src/depthai-ros/depthai_examples/src/rgb_stereo_node.cpp:239:45:[m[K [01;31m[Kerror: [m[Kexpected primary-expression before â€˜[01m[Kfloat[m[Kâ€™
  239 |             device.setIrFloodLightIntensity([01;31m[Kfloat[m[K intensity);
      |                                             [01;31m[K^~~~~[m[K
[01m[K/home/mrg/dai_ws/src/depthai-ros/depthai_examples/src/stereo_inertial_publisher.cpp:[m[K In function â€˜[01m[Kint main(int, char**)[m[Kâ€™:
[01m[K/home/mrg/dai_ws/src/depthai-ros/depthai_examples/src/stereo_inertial_publisher.cpp:488:53:[m[K [01;31m[Kerror: [m[Kexpected primary-expression before â€˜[01m[Kfloat[m[Kâ€™
  488 |             device->setIrLaserDotProjectorIntensity([01;31m[Kfloat[m[K intensity);
      |                                                     [01;31m[K^~~~~[m[K
[01m[K/home/mrg/dai_ws/src/depthai-ros/depthai_examples/src/stereo_inertial_publisher.cpp:492:47:[m[K [01;31m[Kerror: [m[Kexpected primary-expression before â€˜[01m[Kfloat[m[Kâ€™
  492 |             device->setIrFloodLightBrightness([01;31m[Kfloat[m[K intensity);
      |                                               [01;31m[K^~~~~[m[K
gmake[2]: *** [CMakeFiles/rgb_stereo_node.dir/build.make:76: CMakeFiles/rgb_stereo_node.dir/src/rgb_stereo_node.cpp.o] Error 1
gmake[1]: *** [CMakeFiles/Makefile2:207: CMakeFiles/rgb_stereo_node.dir/all] Error 2
gmake[1]: *** Waiting for unfinished jobs....
gmake[2]: *** [CMakeFiles/stereo_inertial_node.dir/build.make:76: CMakeFiles/stereo_inertial_node.dir/src/stereo_inertial_publisher.cpp.o] Error 1
gmake[1]: *** [CMakeFiles/Makefile2:233: CMakeFiles/stereo_inertial_node.dir/all] Error 2
gmake: *** [Makefile:146: all] Error 2
